{"/Users/rohanpatil/Documents/ADSS-Demo/src/common/colors.ts": {"path":"/Users/rohanpatil/Documents/ADSS-Demo/src/common/colors.ts","statementMap":{"0":{"start":{"line":1,"column":22},"end":{"line":13,"column":10}}},"fnMap":{},"branchMap":{},"s":{"0":2},"f":{},"b":{},"_coverageSchema":"1a1c01bbd47fc00a2c39e90264f33305004495a9","hash":"0d17c00e471719c9e9ce6bf9ffaf165ea38eeacb"}
,"/Users/rohanpatil/Documents/ADSS-Demo/src/common/helper.ts": {"path":"/Users/rohanpatil/Documents/ADSS-Demo/src/common/helper.ts","statementMap":{"0":{"start":{"line":2,"column":27},"end":{"line":7,"column":1}},"1":{"start":{"line":3,"column":2},"end":{"line":5,"column":3}},"2":{"start":{"line":4,"column":4},"end":{"line":4,"column":31}},"3":{"start":{"line":6,"column":2},"end":{"line":6,"column":31}}},"fnMap":{"0":{"name":"(anonymous_0)","decl":{"start":{"line":2,"column":27},"end":{"line":2,"column":28}},"loc":{"start":{"line":2,"column":70},"end":{"line":7,"column":1}},"line":2}},"branchMap":{"0":{"loc":{"start":{"line":3,"column":2},"end":{"line":5,"column":3}},"type":"if","locations":[{"start":{"line":3,"column":2},"end":{"line":5,"column":3}},{"start":{},"end":{}}],"line":3},"1":{"loc":{"start":{"line":3,"column":6},"end":{"line":3,"column":59}},"type":"binary-expr","locations":[{"start":{"line":3,"column":6},"end":{"line":3,"column":25}},{"start":{"line":3,"column":29},"end":{"line":3,"column":43}},{"start":{"line":3,"column":47},"end":{"line":3,"column":59}}],"line":3}},"s":{"0":2,"1":10,"2":3,"3":7},"f":{"0":10},"b":{"0":[3,7],"1":[10,9,8]},"_coverageSchema":"1a1c01bbd47fc00a2c39e90264f33305004495a9","hash":"c2f99c6664f5bd19e1dfd0ee500806ef35fe1aa6"}
,"/Users/rohanpatil/Documents/ADSS-Demo/src/screens/MarketWatchScreen.tsx": {"path":"/Users/rohanpatil/Documents/ADSS-Demo/src/screens/MarketWatchScreen.tsx","statementMap":{"0":{"start":{"line":11,"column":18},"end":{"line":32,"column":2}},"1":{"start":{"line":12,"column":21},"end":{"line":12,"column":122}},"2":{"start":{"line":14,"column":2},"end":{"line":31,"column":4}},"3":{"start":{"line":34,"column":50},"end":{"line":60,"column":1}},"4":{"start":{"line":35,"column":28},"end":{"line":35,"column":54}},"5":{"start":{"line":37,"column":21},"end":{"line":42,"column":3}},"6":{"start":{"line":38,"column":4},"end":{"line":41,"column":6}},"7":{"start":{"line":40,"column":21},"end":{"line":40,"column":101}},"8":{"start":{"line":44,"column":2},"end":{"line":48,"column":9}},"9":{"start":{"line":45,"column":4},"end":{"line":45,"column":23}},"10":{"start":{"line":46,"column":24},"end":{"line":46,"column":54}},"11":{"start":{"line":47,"column":4},"end":{"line":47,"column":31}},"12":{"start":{"line":47,"column":17},"end":{"line":47,"column":30}},"13":{"start":{"line":50,"column":2},"end":{"line":59,"column":4}},"14":{"start":{"line":54,"column":30},"end":{"line":54,"column":41}},"15":{"start":{"line":62,"column":15},"end":{"line":78,"column":2}}},"fnMap":{"0":{"name":"(anonymous_0)","decl":{"start":{"line":11,"column":29},"end":{"line":11,"column":30}},"loc":{"start":{"line":11,"column":95},"end":{"line":32,"column":1}},"line":11},"1":{"name":"(anonymous_1)","decl":{"start":{"line":34,"column":50},"end":{"line":34,"column":51}},"loc":{"start":{"line":34,"column":70},"end":{"line":60,"column":1}},"line":34},"2":{"name":"(anonymous_2)","decl":{"start":{"line":37,"column":21},"end":{"line":37,"column":22}},"loc":{"start":{"line":38,"column":4},"end":{"line":41,"column":6}},"line":38},"3":{"name":"(anonymous_3)","decl":{"start":{"line":40,"column":15},"end":{"line":40,"column":16}},"loc":{"start":{"line":40,"column":21},"end":{"line":40,"column":101}},"line":40},"4":{"name":"(anonymous_4)","decl":{"start":{"line":44,"column":12},"end":{"line":44,"column":13}},"loc":{"start":{"line":44,"column":18},"end":{"line":48,"column":3}},"line":44},"5":{"name":"(anonymous_5)","decl":{"start":{"line":47,"column":11},"end":{"line":47,"column":12}},"loc":{"start":{"line":47,"column":17},"end":{"line":47,"column":30}},"line":47},"6":{"name":"(anonymous_6)","decl":{"start":{"line":54,"column":22},"end":{"line":54,"column":23}},"loc":{"start":{"line":54,"column":30},"end":{"line":54,"column":41}},"line":54}},"branchMap":{"0":{"loc":{"start":{"line":12,"column":21},"end":{"line":12,"column":122}},"type":"cond-expr","locations":[{"start":{"line":12,"column":47},"end":{"line":12,"column":61}},{"start":{"line":12,"column":64},"end":{"line":12,"column":122}}],"line":12},"1":{"loc":{"start":{"line":12,"column":64},"end":{"line":12,"column":122}},"type":"cond-expr","locations":[{"start":{"line":12,"column":92},"end":{"line":12,"column":105}},{"start":{"line":12,"column":108},"end":{"line":12,"column":122}}],"line":12}},"s":{"0":1,"1":3,"2":3,"3":1,"4":2,"5":2,"6":3,"7":1,"8":2,"9":1,"10":1,"11":1,"12":1,"13":2,"14":4,"15":1},"f":{"0":3,"1":2,"2":3,"3":1,"4":1,"5":1,"6":4},"b":{"0":[1,2],"1":[1,1]},"_coverageSchema":"1a1c01bbd47fc00a2c39e90264f33305004495a9","hash":"9130a0accde9821d3a371a8874b130576c7dc61a"}
,"/Users/rohanpatil/Documents/ADSS-Demo/src/screens/SymbolDetailsScreen.tsx": {"path":"/Users/rohanpatil/Documents/ADSS-Demo/src/screens/SymbolDetailsScreen.tsx","statementMap":{"0":{"start":{"line":11,"column":52},"end":{"line":86,"column":1}},"1":{"start":{"line":12,"column":34},"end":{"line":12,"column":46}},"2":{"start":{"line":13,"column":40},"end":{"line":13,"column":73}},"3":{"start":{"line":14,"column":34},"end":{"line":14,"column":56}},"4":{"start":{"line":15,"column":32},"end":{"line":15,"column":56}},"5":{"start":{"line":17,"column":2},"end":{"line":23,"column":15}},"6":{"start":{"line":18,"column":24},"end":{"line":21,"column":6}},"7":{"start":{"line":19,"column":22},"end":{"line":19,"column":58}},"8":{"start":{"line":19,"column":38},"end":{"line":19,"column":57}},"9":{"start":{"line":20,"column":6},"end":{"line":20,"column":43}},"10":{"start":{"line":20,"column":19},"end":{"line":20,"column":43}},"11":{"start":{"line":22,"column":4},"end":{"line":22,"column":31}},"12":{"start":{"line":22,"column":17},"end":{"line":22,"column":30}},"13":{"start":{"line":25,"column":22},"end":{"line":42,"column":3}},"14":{"start":{"line":26,"column":16},"end":{"line":26,"column":36}},"15":{"start":{"line":27,"column":4},"end":{"line":30,"column":5}},"16":{"start":{"line":28,"column":6},"end":{"line":28,"column":72}},"17":{"start":{"line":29,"column":6},"end":{"line":29,"column":13}},"18":{"start":{"line":32,"column":4},"end":{"line":32,"column":21}},"19":{"start":{"line":33,"column":27},"end":{"line":33,"column":77}},"20":{"start":{"line":34,"column":16},"end":{"line":34,"column":90}},"21":{"start":{"line":35,"column":4},"end":{"line":35,"column":22}},"22":{"start":{"line":37,"column":4},"end":{"line":41,"column":5}},"23":{"start":{"line":38,"column":6},"end":{"line":38,"column":51}},"24":{"start":{"line":40,"column":6},"end":{"line":40,"column":47}},"25":{"start":{"line":44,"column":2},"end":{"line":85,"column":4}},"26":{"start":{"line":76,"column":88},"end":{"line":76,"column":107}},"27":{"start":{"line":79,"column":87},"end":{"line":79,"column":105}},"28":{"start":{"line":88,"column":15},"end":{"line":121,"column":2}}},"fnMap":{"0":{"name":"(anonymous_0)","decl":{"start":{"line":11,"column":52},"end":{"line":11,"column":53}},"loc":{"start":{"line":11,"column":67},"end":{"line":86,"column":1}},"line":11},"1":{"name":"(anonymous_1)","decl":{"start":{"line":17,"column":12},"end":{"line":17,"column":13}},"loc":{"start":{"line":17,"column":18},"end":{"line":23,"column":3}},"line":17},"2":{"name":"(anonymous_2)","decl":{"start":{"line":18,"column":45},"end":{"line":18,"column":46}},"loc":{"start":{"line":18,"column":54},"end":{"line":21,"column":5}},"line":18},"3":{"name":"(anonymous_3)","decl":{"start":{"line":19,"column":33},"end":{"line":19,"column":34}},"loc":{"start":{"line":19,"column":38},"end":{"line":19,"column":57}},"line":19},"4":{"name":"(anonymous_4)","decl":{"start":{"line":22,"column":11},"end":{"line":22,"column":12}},"loc":{"start":{"line":22,"column":17},"end":{"line":22,"column":30}},"line":22},"5":{"name":"(anonymous_5)","decl":{"start":{"line":25,"column":22},"end":{"line":25,"column":23}},"loc":{"start":{"line":25,"column":54},"end":{"line":42,"column":3}},"line":25},"6":{"name":"(anonymous_6)","decl":{"start":{"line":76,"column":82},"end":{"line":76,"column":83}},"loc":{"start":{"line":76,"column":88},"end":{"line":76,"column":107}},"line":76},"7":{"name":"(anonymous_7)","decl":{"start":{"line":79,"column":81},"end":{"line":79,"column":82}},"loc":{"start":{"line":79,"column":87},"end":{"line":79,"column":105}},"line":79}},"branchMap":{"0":{"loc":{"start":{"line":20,"column":6},"end":{"line":20,"column":43}},"type":"if","locations":[{"start":{"line":20,"column":6},"end":{"line":20,"column":43}},{"start":{},"end":{}}],"line":20},"1":{"loc":{"start":{"line":27,"column":4},"end":{"line":30,"column":5}},"type":"if","locations":[{"start":{"line":27,"column":4},"end":{"line":30,"column":5}},{"start":{},"end":{}}],"line":27},"2":{"loc":{"start":{"line":27,"column":8},"end":{"line":27,"column":30}},"type":"binary-expr","locations":[{"start":{"line":27,"column":8},"end":{"line":27,"column":18}},{"start":{"line":27,"column":22},"end":{"line":27,"column":30}}],"line":27},"3":{"loc":{"start":{"line":33,"column":27},"end":{"line":33,"column":77}},"type":"cond-expr","locations":[{"start":{"line":33,"column":44},"end":{"line":33,"column":59}},{"start":{"line":33,"column":62},"end":{"line":33,"column":77}}],"line":33},"4":{"loc":{"start":{"line":37,"column":4},"end":{"line":41,"column":5}},"type":"if","locations":[{"start":{"line":37,"column":4},"end":{"line":41,"column":5}},{"start":{"line":39,"column":11},"end":{"line":41,"column":5}}],"line":37},"5":{"loc":{"start":{"line":72,"column":7},"end":{"line":83,"column":7}},"type":"cond-expr","locations":[{"start":{"line":73,"column":8},"end":{"line":73,"column":90}},{"start":{"line":75,"column":8},"end":{"line":82,"column":15}}],"line":72}},"s":{"0":1,"1":12,"2":12,"3":12,"4":12,"5":12,"6":6,"7":2,"8":1,"9":2,"10":1,"11":6,"12":6,"13":12,"14":4,"15":4,"16":1,"17":1,"18":3,"19":3,"20":3,"21":3,"22":3,"23":2,"24":1,"25":12,"26":1,"27":3,"28":1},"f":{"0":12,"1":6,"2":2,"3":1,"4":6,"5":4,"6":1,"7":3},"b":{"0":[1,1],"1":[1,3],"2":[4,3],"3":[2,1],"4":[2,1],"5":[1,11]},"_coverageSchema":"1a1c01bbd47fc00a2c39e90264f33305004495a9","hash":"069616f8b10de5c9b83b5857ad6060d2a0f92272"}
,"/Users/rohanpatil/Documents/ADSS-Demo/src/services/mockSocket.ts": {"path":"/Users/rohanpatil/Documents/ADSS-Demo/src/services/mockSocket.ts","statementMap":{"0":{"start":{"line":5,"column":58},"end":{"line":5,"column":67}},"1":{"start":{"line":6,"column":62},"end":{"line":6,"column":66}},"2":{"start":{"line":7,"column":32},"end":{"line":37,"column":3}},"3":{"start":{"line":40,"column":4},"end":{"line":40,"column":32}},"4":{"start":{"line":40,"column":25},"end":{"line":40,"column":32}},"5":{"start":{"line":41,"column":4},"end":{"line":60,"column":12}},"6":{"start":{"line":42,"column":6},"end":{"line":57,"column":7}},"7":{"start":{"line":43,"column":20},"end":{"line":43,"column":64}},"8":{"start":{"line":44,"column":21},"end":{"line":44,"column":37}},"9":{"start":{"line":45,"column":21},"end":{"line":45,"column":40}},"10":{"start":{"line":48,"column":21},"end":{"line":48,"column":56}},"11":{"start":{"line":49,"column":21},"end":{"line":49,"column":67}},"12":{"start":{"line":51,"column":6},"end":{"line":56,"column":8}},"13":{"start":{"line":59,"column":6},"end":{"line":59,"column":68}},"14":{"start":{"line":59,"column":41},"end":{"line":59,"column":66}},"15":{"start":{"line":64,"column":4},"end":{"line":64,"column":33}},"16":{"start":{"line":65,"column":4},"end":{"line":65,"column":25}},"17":{"start":{"line":66,"column":4},"end":{"line":68,"column":6}},"18":{"start":{"line":67,"column":6},"end":{"line":67,"column":38}},"19":{"start":{"line":72,"column":4},"end":{"line":75,"column":5}},"20":{"start":{"line":73,"column":6},"end":{"line":73,"column":37}},"21":{"start":{"line":74,"column":6},"end":{"line":74,"column":29}},"22":{"start":{"line":79,"column":26},"end":{"line":79,"column":48}}},"fnMap":{"0":{"name":"(anonymous_0)","decl":{"start":{"line":39,"column":2},"end":{"line":39,"column":3}},"loc":{"start":{"line":39,"column":17},"end":{"line":61,"column":3}},"line":39},"1":{"name":"(anonymous_1)","decl":{"start":{"line":41,"column":34},"end":{"line":41,"column":35}},"loc":{"start":{"line":41,"column":40},"end":{"line":60,"column":5}},"line":41},"2":{"name":"(anonymous_2)","decl":{"start":{"line":42,"column":34},"end":{"line":42,"column":35}},"loc":{"start":{"line":42,"column":42},"end":{"line":57,"column":5}},"line":42},"3":{"name":"(anonymous_3)","decl":{"start":{"line":59,"column":29},"end":{"line":59,"column":30}},"loc":{"start":{"line":59,"column":41},"end":{"line":59,"column":66}},"line":59},"4":{"name":"(anonymous_4)","decl":{"start":{"line":63,"column":2},"end":{"line":63,"column":3}},"loc":{"start":{"line":63,"column":60},"end":{"line":69,"column":3}},"line":63},"5":{"name":"(anonymous_5)","decl":{"start":{"line":66,"column":11},"end":{"line":66,"column":12}},"loc":{"start":{"line":66,"column":17},"end":{"line":68,"column":5}},"line":66},"6":{"name":"(anonymous_6)","decl":{"start":{"line":71,"column":2},"end":{"line":71,"column":3}},"loc":{"start":{"line":71,"column":16},"end":{"line":76,"column":3}},"line":71}},"branchMap":{"0":{"loc":{"start":{"line":40,"column":4},"end":{"line":40,"column":32}},"type":"if","locations":[{"start":{"line":40,"column":4},"end":{"line":40,"column":32}},{"start":{},"end":{}}],"line":40},"1":{"loc":{"start":{"line":55,"column":19},"end":{"line":55,"column":53}},"type":"cond-expr","locations":[{"start":{"line":55,"column":40},"end":{"line":55,"column":44}},{"start":{"line":55,"column":47},"end":{"line":55,"column":53}}],"line":55},"2":{"loc":{"start":{"line":72,"column":4},"end":{"line":75,"column":5}},"type":"if","locations":[{"start":{"line":72,"column":4},"end":{"line":75,"column":5}},{"start":{},"end":{}}],"line":72}},"s":{"0":1,"1":1,"2":1,"3":4,"4":1,"5":3,"6":3,"7":60,"8":60,"9":60,"10":60,"11":60,"12":60,"13":3,"14":3,"15":3,"16":3,"17":3,"18":1,"19":4,"20":3,"21":3,"22":1},"f":{"0":4,"1":3,"2":60,"3":3,"4":3,"5":1,"6":4},"b":{"0":[1,3],"1":[40,20],"2":[3,1]},"_coverageSchema":"1a1c01bbd47fc00a2c39e90264f33305004495a9","hash":"fee10f8fb5f7317de74758d5d61734b53de88f57"}
,"/Users/rohanpatil/Documents/ADSS-Demo/src/services/tradeApi.ts": {"path":"/Users/rohanpatil/Documents/ADSS-Demo/src/services/tradeApi.ts","statementMap":{"0":{"start":{"line":9,"column":28},"end":{"line":21,"column":1}},"1":{"start":{"line":10,"column":2},"end":{"line":10,"column":57}},"2":{"start":{"line":10,"column":31},"end":{"line":10,"column":55}},"3":{"start":{"line":13,"column":2},"end":{"line":15,"column":3}},"4":{"start":{"line":14,"column":4},"end":{"line":14,"column":84}},"5":{"start":{"line":17,"column":2},"end":{"line":20,"column":4}}},"fnMap":{"0":{"name":"(anonymous_0)","decl":{"start":{"line":9,"column":28},"end":{"line":9,"column":29}},"loc":{"start":{"line":9,"column":105},"end":{"line":21,"column":1}},"line":9},"1":{"name":"(anonymous_1)","decl":{"start":{"line":10,"column":20},"end":{"line":10,"column":21}},"loc":{"start":{"line":10,"column":31},"end":{"line":10,"column":55}},"line":10}},"branchMap":{"0":{"loc":{"start":{"line":13,"column":2},"end":{"line":15,"column":3}},"type":"if","locations":[{"start":{"line":13,"column":2},"end":{"line":15,"column":3}},{"start":{},"end":{}}],"line":13}},"s":{"0":1,"1":2,"2":2,"3":2,"4":1,"5":1},"f":{"0":2,"1":2},"b":{"0":[1,1]},"_coverageSchema":"1a1c01bbd47fc00a2c39e90264f33305004495a9","hash":"ce153ea26b7f483c7f268a7defa9ca99249678e2"}
}
