TN:
SF:src/common/colors.ts
FNF:0
FNH:0
DA:1,2
LF:1
LH:1
BRF:0
BRH:0
end_of_record
TN:
SF:src/common/helper.ts
FN:2,(anonymous_0)
FNF:1
FNH:1
FNDA:10,(anonymous_0)
DA:2,2
DA:3,10
DA:4,3
DA:6,7
LF:4
LH:4
BRDA:3,0,0,3
BRDA:3,0,1,7
BRDA:3,1,0,10
BRDA:3,1,1,9
BRDA:3,1,2,8
BRF:5
BRH:5
end_of_record
TN:
SF:src/screens/MarketWatchScreen.tsx
FN:11,(anonymous_0)
FN:34,(anonymous_1)
FN:37,(anonymous_2)
FN:40,(anonymous_3)
FN:44,(anonymous_4)
FN:47,(anonymous_5)
FN:54,(anonymous_6)
FNF:7
FNH:7
FNDA:3,(anonymous_0)
FNDA:2,(anonymous_1)
FNDA:3,(anonymous_2)
FNDA:1,(anonymous_3)
FNDA:1,(anonymous_4)
FNDA:1,(anonymous_5)
FNDA:4,(anonymous_6)
DA:11,1
DA:12,3
DA:14,3
DA:34,1
DA:35,2
DA:37,2
DA:38,3
DA:40,1
DA:44,2
DA:45,1
DA:46,1
DA:47,1
DA:50,2
DA:54,4
DA:62,1
LF:15
LH:15
BRDA:12,0,0,1
BRDA:12,0,1,2
BRDA:12,1,0,1
BRDA:12,1,1,1
BRF:4
BRH:4
end_of_record
TN:
SF:src/screens/SymbolDetailsScreen.tsx
FN:11,(anonymous_0)
FN:17,(anonymous_1)
FN:18,(anonymous_2)
FN:19,(anonymous_3)
FN:22,(anonymous_4)
FN:25,(anonymous_5)
FN:76,(anonymous_6)
FN:79,(anonymous_7)
FNF:8
FNH:8
FNDA:12,(anonymous_0)
FNDA:6,(anonymous_1)
FNDA:2,(anonymous_2)
FNDA:1,(anonymous_3)
FNDA:6,(anonymous_4)
FNDA:4,(anonymous_5)
FNDA:1,(anonymous_6)
FNDA:3,(anonymous_7)
DA:11,1
DA:12,12
DA:13,12
DA:14,12
DA:15,12
DA:17,12
DA:18,6
DA:19,2
DA:20,2
DA:22,6
DA:25,12
DA:26,4
DA:27,4
DA:28,1
DA:29,1
DA:32,3
DA:33,3
DA:34,3
DA:35,3
DA:37,3
DA:38,2
DA:40,1
DA:44,12
DA:76,1
DA:79,3
DA:88,1
LF:26
LH:26
BRDA:20,0,0,1
BRDA:20,0,1,1
BRDA:27,1,0,1
BRDA:27,1,1,3
BRDA:27,2,0,4
BRDA:27,2,1,3
BRDA:33,3,0,2
BRDA:33,3,1,1
BRDA:37,4,0,2
BRDA:37,4,1,1
BRDA:72,5,0,1
BRDA:72,5,1,11
BRF:12
BRH:12
end_of_record
TN:
SF:src/services/mockSocket.ts
FN:39,(anonymous_0)
FN:41,(anonymous_1)
FN:42,(anonymous_2)
FN:59,(anonymous_3)
FN:63,(anonymous_4)
FN:66,(anonymous_5)
FN:71,(anonymous_6)
FNF:7
FNH:7
FNDA:4,(anonymous_0)
FNDA:3,(anonymous_1)
FNDA:60,(anonymous_2)
FNDA:3,(anonymous_3)
FNDA:3,(anonymous_4)
FNDA:1,(anonymous_5)
FNDA:4,(anonymous_6)
DA:5,1
DA:6,1
DA:7,1
DA:40,4
DA:41,3
DA:42,3
DA:43,60
DA:44,60
DA:45,60
DA:48,60
DA:49,60
DA:51,60
DA:59,3
DA:64,3
DA:65,3
DA:66,3
DA:67,1
DA:72,4
DA:73,3
DA:74,3
DA:79,1
LF:21
LH:21
BRDA:40,0,0,1
BRDA:40,0,1,3
BRDA:55,1,0,40
BRDA:55,1,1,20
BRDA:72,2,0,3
BRDA:72,2,1,1
BRF:6
BRH:6
end_of_record
TN:
SF:src/services/tradeApi.ts
FN:9,(anonymous_0)
FN:10,(anonymous_1)
FNF:2
FNH:2
FNDA:2,(anonymous_0)
FNDA:2,(anonymous_1)
DA:9,1
DA:10,2
DA:13,2
DA:14,1
DA:17,1
LF:5
LH:5
BRDA:13,0,0,1
BRDA:13,0,1,1
BRF:2
BRH:2
end_of_record
